c:\cpp_projects\assignment 1 with team\eightminuteempiregame\maploader\debug\vc142.pdb
c:\cpp_projects\assignment 1 with team\eightminuteempiregame\maploader\debug\vc142.idb
c:\cpp_projects\assignment 1 with team\eightminuteempiregame\maploader\debug\mapdriver.obj
c:\cpp_projects\assignment 1 with team\eightminuteempiregame\maploader\debug\map.obj
c:\cpp_projects\assignment 1 with team\eightminuteempiregame\maploader\debug\maploader.obj
c:\cpp_projects\assignment 1 with team\eightminuteempiregame\maploader\debug\maploaderdriver.obj
c:\cpp_projects\assignment 1 with team\eightminuteempiregame\maploader\debug\player.obj
c:\cpp_projects\assignment 1 with team\eightminuteempiregame\maploader\debug\card.obj
c:\cpp_projects\assignment 1 with team\eightminuteempiregame\maploader\debug\bid.obj
c:\cpp_projects\assignment 1 with team\eightminuteempiregame\maploader\debug\eightminuteempiredriver.obj
c:\cpp_projects\assignment 1 with team\eightminuteempiregame\maploader\debug\maploader.ilk
c:\cpp_projects\assignment 1 with team\eightminuteempiregame\maploader\debug\maploader.exe
c:\cpp_projects\assignment 1 with team\eightminuteempiregame\maploader\debug\maploader.pdb
c:\cpp_projects\assignment 1 with team\eightminuteempiregame\maploader\debug\maploader.obj.enc
c:\cpp_projects\assignment 1 with team\eightminuteempiregame\maploader\debug\maploaderdriver.obj.enc
c:\cpp_projects\assignment 1 with team\eightminuteempiregame\maploader\debug\maploader.tlog\cl.command.1.tlog
c:\cpp_projects\assignment 1 with team\eightminuteempiregame\maploader\debug\maploader.tlog\cl.read.1.tlog
c:\cpp_projects\assignment 1 with team\eightminuteempiregame\maploader\debug\maploader.tlog\cl.write.1.tlog
c:\cpp_projects\assignment 1 with team\eightminuteempiregame\maploader\debug\maploader.tlog\link.command.1.tlog
c:\cpp_projects\assignment 1 with team\eightminuteempiregame\maploader\debug\maploader.tlog\link.read.1.tlog
c:\cpp_projects\assignment 1 with team\eightminuteempiregame\maploader\debug\maploader.tlog\link.write.1.tlog
